# JRE version: OpenJDK Runtime Environment Temurin-17.0.8.1+1 (17.0.8.1+1) (build 17.0.8.1+1)
# Java VM: OpenJDK 64-Bit Server VM Temurin-17.0.8.1+1 (17.0.8.1+1, mixed mode, emulated-client, tiered, compressed oops, compressed class ptrs, g1 gc, windows-amd64)
GC Precious Log:
 CPUs: 12 total, 12 available
 Memory: 16016M
 Large Page Support: Disabled
 NUMA Support: Disabled
 Compressed Oops: Enabled (32-bit)
 Heap Region Size: 1M
 Heap Min Capacity: 8M
 Heap Initial Capacity: 252M
 Heap Max Capacity: 1G
 Pre-touch: Disabled
 Parallel Workers: 10
 Concurrent Workers: 3
 Concurrent Refinement Workers: 10
 Periodic GC: Disabled
Heap:
 garbage-first heap   total 89088K, used 33236K [0x00000000c0000000, 0x0000000100000000)
  region size 1024K, 1 young (1024K), 0 survivors (0K)
 Metaspace       used 57434K, committed 57856K, reserved 1114112K
  class space    used 7398K, committed 7616K, reserved 1048576K
GC Heap History (20 events):
Event: 17806.260 GC heap before
{Heap before GC invocations=1175 (full 1051):
 garbage-first heap   total 89088K, used 33236K [0x00000000c0000000, 0x0000000100000000)
  region size 1024K, 1 young (1024K), 0 survivors (0K)
 Metaspace       used 57434K, committed 57856K, reserved 1114112K
  class space    used 7398K, committed 7616K, reserved 1048576K
}
Event: 17806.360 GC heap after
{Heap after GC invocations=1176 (full 1052):
 garbage-first heap   total 89088K, used 33236K [0x00000000c0000000, 0x0000000100000000)
  region size 1024K, 0 young (0K), 0 survivors (0K)
 Metaspace       used 57434K, committed 57856K, reserved 1114112K
  class space    used 7398K, committed 7616K, reserved 1048576K
}
Event: 17819.617 GC heap before
{Heap before GC invocations=1176 (full 1052):
 garbage-first heap   total 89088K, used 33236K [0x00000000c0000000, 0x0000000100000000)
  region size 1024K, 1 young (1024K), 0 survivors (0K)
 Metaspace       used 57434K, committed 57856K, reserved 1114112K
  class space    used 7398K, committed 7616K, reserved 1048576K
}
Event: 17819.719 GC heap after
{Heap after GC invocations=1177 (full 1053):
 garbage-first heap   total 89088K, used 33236K [0x00000000c0000000, 0x0000000100000000)
  region size 1024K, 0 young (0K), 0 survivors (0K)
 Metaspace       used 57434K, committed 57856K, reserved 1114112K
  class space    used 7398K, committed 7616K, reserved 1048576K
}
Event: 17833.095 GC heap before
{Heap before GC invocations=1177 (full 1053):
 garbage-first heap   total 89088K, used 33236K [0x00000000c0000000, 0x0000000100000000)
  region size 1024K, 1 young (1024K), 0 survivors (0K)
 Metaspace       used 57434K, committed 57856K, reserved 1114112K
  class space    used 7398K, committed 7616K, reserved 1048576K
}
Event: 17833.197 GC heap after
{Heap after GC invocations=1178 (full 1054):
 garbage-first heap   total 89088K, used 33236K [0x00000000c0000000, 0x0000000100000000)
  region size 1024K, 0 young (0K), 0 survivors (0K)
 Metaspace       used 57434K, committed 57856K, reserved 1114112K
  class space    used 7398K, committed 7616K, reserved 1048576K
}
Event: 17846.509 GC heap before
{Heap before GC invocations=1178 (full 1054):
 garbage-first heap   total 89088K, used 33236K [0x00000000c0000000, 0x0000000100000000)
  region size 1024K, 1 young (1024K), 0 survivors (0K)
 Metaspace       used 57434K, committed 57856K, reserved 1114112K
  class space    used 7398K, committed 7616K, reserved 1048576K
}
Event: 17846.609 GC heap after
{Heap after GC invocations=1179 (full 1055):
 garbage-first heap   total 89088K, used 33236K [0x00000000c0000000, 0x0000000100000000)
  region size 1024K, 0 young (0K), 0 survivors (0K)
 Metaspace       used 57434K, committed 57856K, reserved 1114112K
  class space    used 7398K, committed 7616K, reserved 1048576K
}
Event: 17859.629 GC heap before
{Heap before GC invocations=1179 (full 1055):
 garbage-first heap   total 89088K, used 33236K [0x00000000c0000000, 0x0000000100000000)
  region size 1024K, 1 young (1024K), 0 survivors (0K)
 Metaspace       used 57434K, committed 57856K, reserved 1114112K
  class space    used 7398K, committed 7616K, reserved 1048576K
}
Event: 17859.714 GC heap after
{Heap after GC invocations=1180 (full 1056):
 garbage-first heap   total 89088K, used 33236K [0x00000000c0000000, 0x0000000100000000)
  region size 1024K, 0 young (0K), 0 survivors (0K)
 Metaspace       used 57434K, committed 57856K, reserved 1114112K
  class space    used 7398K, committed 7616K, reserved 1048576K
}
Event: 17872.565 GC heap before
{Heap before GC invocations=1180 (full 1056):
 garbage-first heap   total 89088K, used 33236K [0x00000000c0000000, 0x0000000100000000)
  region size 1024K, 1 young (1024K), 0 survivors (0K)
 Metaspace       used 57434K, committed 57856K, reserved 1114112K
  class space    used 7398K, committed 7616K, reserved 1048576K
}
Event: 17872.672 GC heap after
{Heap after GC invocations=1181 (full 1057):
 garbage-first heap   total 89088K, used 33236K [0x00000000c0000000, 0x0000000100000000)
  region size 1024K, 0 young (0K), 0 survivors (0K)
 Metaspace       used 57434K, committed 57856K, reserved 1114112K
  class space    used 7398K, committed 7616K, reserved 1048576K
}
Event: 17885.517 GC heap before
{Heap before GC invocations=1181 (full 1057):
 garbage-first heap   total 89088K, used 33236K [0x00000000c0000000, 0x0000000100000000)
  region size 1024K, 1 young (1024K), 0 survivors (0K)
 Metaspace       used 57434K, committed 57856K, reserved 1114112K
  class space    used 7398K, committed 7616K, reserved 1048576K
}
Event: 17885.591 GC heap after
{Heap after GC invocations=1182 (full 1058):
 garbage-first heap   total 89088K, used 33236K [0x00000000c0000000, 0x0000000100000000)
  region size 1024K, 0 young (0K), 0 survivors (0K)
 Metaspace       used 57434K, committed 57856K, reserved 1114112K
  class space    used 7398K, committed 7616K, reserved 1048576K
}
Event: 17898.380 GC heap before
{Heap before GC invocations=1182 (full 1058):
 garbage-first heap   total 89088K, used 33236K [0x00000000c0000000, 0x0000000100000000)
  region size 1024K, 1 young (1024K), 0 survivors (0K)
 Metaspace       used 57434K, committed 57856K, reserved 1114112K
  class space    used 7398K, committed 7616K, reserved 1048576K
}
Event: 17898.474 GC heap after
{Heap after GC invocations=1183 (full 1059):
 garbage-first heap   total 89088K, used 33236K [0x00000000c0000000, 0x0000000100000000)
  region size 1024K, 0 young (0K), 0 survivors (0K)
 Metaspace       used 57434K, committed 57856K, reserved 1114112K
  class space    used 7398K, committed 7616K, reserved 1048576K
}
Event: 17911.513 GC heap before
{Heap before GC invocations=1183 (full 1059):
 garbage-first heap   total 89088K, used 33236K [0x00000000c0000000, 0x0000000100000000)
  region size 1024K, 1 young (1024K), 0 survivors (0K)
 Metaspace       used 57434K, committed 57856K, reserved 1114112K
  class space    used 7398K, committed 7616K, reserved 1048576K
}
Event: 17911.585 GC heap after
{Heap after GC invocations=1184 (full 1060):
 garbage-first heap   total 89088K, used 33236K [0x00000000c0000000, 0x0000000100000000)
  region size 1024K, 0 young (0K), 0 survivors (0K)
 Metaspace       used 57434K, committed 57856K, reserved 1114112K
  class space    used 7398K, committed 7616K, reserved 1048576K
}
Event: 17924.582 GC heap before
{Heap before GC invocations=1184 (full 1060):
 garbage-first heap   total 89088K, used 33236K [0x00000000c0000000, 0x0000000100000000)
  region size 1024K, 1 young (1024K), 0 survivors (0K)
 Metaspace       used 57434K, committed 57856K, reserved 1114112K
  class space    used 7398K, committed 7616K, reserved 1048576K
}
Event: 17924.664 GC heap after
{Heap after GC invocations=1185 (full 1061):
 garbage-first heap   total 89088K, used 33236K [0x00000000c0000000, 0x0000000100000000)
  region size 1024K, 0 young (0K), 0 survivors (0K)
 Metaspace       used 57434K, committed 57856K, reserved 1114112K
  class space    used 7398K, committed 7616K, reserved 1048576K
}

